MyApplication/MyApplication/How-old/build/outputs/logs/manifest-merger-debug-report.txt
-- Merging decision tree log ---
manifest
ADDED from MyApplication\How-old\AndroidManifest.xml:2:1-31:12
	package
		ADDED from MyApplication\How-old\AndroidManifest.xml:3:5-34
	android:versionName
		ADDED from MyApplication\How-old\AndroidManifest.xml:5:5-30
		INJECTED from MyApplication\How-old\AndroidManifest.xml
		INJECTED from MyApplication\How-old\AndroidManifest.xml
	android:versionCode
		ADDED from MyApplication\How-old\AndroidManifest.xml:4:5-28
		INJECTED from MyApplication\How-old\AndroidManifest.xml
		INJECTED from MyApplication\How-old\AndroidManifest.xml
	xmlns:android
		ADDED from MyApplication\How-old\AndroidManifest.xml:2:11-69
uses-sdk
ADDED from MyApplication\How-old\AndroidManifest.xml:7:5-9:41
	android:targetSdkVersion
		ADDED from MyApplication\How-old\AndroidManifest.xml:9:9-38
	android:minSdkVersion
		ADDED from MyApplication\How-old\AndroidManifest.xml:8:9-35
uses-permission#android.permission.INTERNET
ADDED from MyApplication\How-old\AndroidManifest.xml:11:5-67
	android:name
		ADDED from MyApplication\How-old\AndroidManifest.xml:11:22-64
uses-permission#android.permission.READ_EXTERNAL_STORAGE
ADDED from MyApplication\How-old\AndroidManifest.xml:12:5-80
	android:name
		ADDED from MyApplication\How-old\AndroidManifest.xml:12:22-77
uses-permission#android.permission.CAMERA
ADDED from MyApplication\How-old\AndroidManifest.xml:13:5-64
	android:name
		ADDED from MyApplication\How-old\AndroidManifest.xml:13:22-62
application
ADDED from MyApplication\How-old\AndroidManifest.xml:15:5-29:19
	android:label
		ADDED from MyApplication\How-old\AndroidManifest.xml:18:9-41
	android:allowBackup
		ADDED from MyApplication\How-old\AndroidManifest.xml:16:9-35
	android:icon
		ADDED from MyApplication\How-old\AndroidManifest.xml:17:9-45
	android:theme
		ADDED from MyApplication\How-old\AndroidManifest.xml:19:9-40
activity#com.example.how_old.MainActivity
ADDED from MyApplication\How-old\AndroidManifest.xml:20:9-28:20
	android:label
		ADDED from MyApplication\How-old\AndroidManifest.xml:22:13-45
	android:name
		ADDED from MyApplication\How-old\AndroidManifest.xml:21:13-41
intent-filter#android.intent.action.MAIN+android.intent.category.LAUNCHER
ADDED from MyApplication\How-old\AndroidManifest.xml:23:13-27:29
action#android.intent.action.MAIN
ADDED from MyApplication\How-old\AndroidManifest.xml:24:17-69
	android:name
		ADDED from MyApplication\How-old\AndroidManifest.xml:24:25-66
category#android.intent.category.LAUNCHER
ADDED from MyApplication\How-old\AndroidManifest.xml:26:17-77
	android:name
		ADDED from MyApplication\How-old\AndroidManifest.xml:26:27-74